{"C:\\Users\\Ygor\\Desktop\\desafio-modulo IV\\sistema-pdv\\knexfile.js": {"path":"C:\\Users\\Ygor\\Desktop\\desafio-modulo IV\\sistema-pdv\\knexfile.js","statementMap":{},"fnMap":{},"branchMap":{},"s":{},"f":{},"b":{},"_coverageSchema":"1a1c01bbd47fc00a2c39e90264f33305004495a9","hash":"ba39ddc916c3f65a7fa5a5c16875fd4f55bea71d"}
,"C:\\Users\\Ygor\\Desktop\\desafio-modulo IV\\sistema-pdv\\api\\db\\conecaodb.js": {"path":"C:\\Users\\Ygor\\Desktop\\desafio-modulo IV\\sistema-pdv\\api\\db\\conecaodb.js","statementMap":{"0":{"start":{"line":4,"column":11},"end":{"line":4,"column":25}}},"fnMap":{},"branchMap":{},"s":{"0":2},"f":{},"b":{},"_coverageSchema":"1a1c01bbd47fc00a2c39e90264f33305004495a9","hash":"d0339f8c1a7a29556d8f522026f39f1522c3b2b7"}
,"C:\\Users\\Ygor\\Desktop\\desafio-modulo IV\\sistema-pdv\\api\\erros\\ErroCustomizado.js": {"path":"C:\\Users\\Ygor\\Desktop\\desafio-modulo IV\\sistema-pdv\\api\\erros\\ErroCustomizado.js","statementMap":{"0":{"start":{"line":3,"column":4},"end":{"line":3,"column":19}},"1":{"start":{"line":4,"column":4},"end":{"line":4,"column":29}},"2":{"start":{"line":5,"column":4},"end":{"line":5,"column":33}}},"fnMap":{"0":{"name":"(anonymous_0)","decl":{"start":{"line":2,"column":2},"end":{"line":2,"column":3}},"loc":{"start":{"line":2,"column":70},"end":{"line":6,"column":3}},"line":2}},"branchMap":{"0":{"loc":{"start":{"line":2,"column":14},"end":{"line":2,"column":51}},"type":"default-arg","locations":[{"start":{"line":2,"column":25},"end":{"line":2,"column":51}}],"line":2},"1":{"loc":{"start":{"line":2,"column":53},"end":{"line":2,"column":69}},"type":"default-arg","locations":[{"start":{"line":2,"column":66},"end":{"line":2,"column":69}}],"line":2}},"s":{"0":7,"1":7,"2":7},"f":{"0":7},"b":{"0":[0],"1":[0]},"_coverageSchema":"1a1c01bbd47fc00a2c39e90264f33305004495a9","hash":"ca4bb7835e3c9f495d49529c8433e0cce03d3063"}
,"C:\\Users\\Ygor\\Desktop\\desafio-modulo IV\\sistema-pdv\\api\\helpers\\criarHashSenha.js": {"path":"C:\\Users\\Ygor\\Desktop\\desafio-modulo IV\\sistema-pdv\\api\\helpers\\criarHashSenha.js","statementMap":{"0":{"start":{"line":3,"column":15},"end":{"line":3,"column":37}},"1":{"start":{"line":4,"column":21},"end":{"line":4,"column":49}},"2":{"start":{"line":5,"column":2},"end":{"line":5,"column":19}}},"fnMap":{"0":{"name":"criarHashSenha","decl":{"start":{"line":2,"column":9},"end":{"line":2,"column":23}},"loc":{"start":{"line":2,"column":30},"end":{"line":6,"column":1}},"line":2}},"branchMap":{},"s":{"0":13,"1":13,"2":13},"f":{"0":13},"b":{},"_coverageSchema":"1a1c01bbd47fc00a2c39e90264f33305004495a9","hash":"916d30adaf6cab6c6fcf8a723e519ab4929178d5"}
,"C:\\Users\\Ygor\\Desktop\\desafio-modulo IV\\sistema-pdv\\api\\helpers\\token.js": {"path":"C:\\Users\\Ygor\\Desktop\\desafio-modulo IV\\sistema-pdv\\api\\helpers\\token.js","statementMap":{"0":{"start":{"line":4,"column":2},"end":{"line":15,"column":3}},"1":{"start":{"line":5,"column":20},"end":{"line":5,"column":36}},"2":{"start":{"line":6,"column":19},"end":{"line":6,"column":37}},"3":{"start":{"line":8,"column":18},"end":{"line":10,"column":6}},"4":{"start":{"line":12,"column":4},"end":{"line":12,"column":17}},"5":{"start":{"line":14,"column":4},"end":{"line":14,"column":22}},"6":{"start":{"line":20,"column":17},"end":{"line":20,"column":35}},"7":{"start":{"line":21,"column":16},"end":{"line":21,"column":54}},"8":{"start":{"line":23,"column":21},"end":{"line":23,"column":54}},"9":{"start":{"line":25,"column":2},"end":{"line":25,"column":19}}},"fnMap":{"0":{"name":"criarToken","decl":{"start":{"line":3,"column":9},"end":{"line":3,"column":19}},"loc":{"start":{"line":3,"column":28},"end":{"line":17,"column":1}},"line":3},"1":{"name":"resgatarPayLoadToken","decl":{"start":{"line":19,"column":9},"end":{"line":19,"column":29}},"loc":{"start":{"line":19,"column":34},"end":{"line":26,"column":1}},"line":19}},"branchMap":{},"s":{"0":1,"1":1,"2":1,"3":1,"4":1,"5":0,"6":0,"7":0,"8":0,"9":0},"f":{"0":1,"1":0},"b":{},"_coverageSchema":"1a1c01bbd47fc00a2c39e90264f33305004495a9","hash":"7916ab335d0d5c25acee67b62e28157086bf7e17"}
,"C:\\Users\\Ygor\\Desktop\\desafio-modulo IV\\sistema-pdv\\api\\helpers\\verificaSenha.js": {"path":"C:\\Users\\Ygor\\Desktop\\desafio-modulo IV\\sistema-pdv\\api\\helpers\\verificaSenha.js","statementMap":{"0":{"start":{"line":3,"column":22},"end":{"line":3,"column":70}},"1":{"start":{"line":4,"column":2},"end":{"line":6,"column":3}},"2":{"start":{"line":5,"column":4},"end":{"line":5,"column":23}}},"fnMap":{"0":{"name":"verificaSenha","decl":{"start":{"line":2,"column":9},"end":{"line":2,"column":22}},"loc":{"start":{"line":2,"column":46},"end":{"line":7,"column":1}},"line":2}},"branchMap":{"0":{"loc":{"start":{"line":4,"column":2},"end":{"line":6,"column":3}},"type":"if","locations":[{"start":{"line":4,"column":2},"end":{"line":6,"column":3}},{"start":{},"end":{}}],"line":4}},"s":{"0":2,"1":2,"2":1},"f":{"0":2},"b":{"0":[1,1]},"_coverageSchema":"1a1c01bbd47fc00a2c39e90264f33305004495a9","hash":"46fecf9f05fe650d6b7dc9fa0de59bc69532e640"}
,"C:\\Users\\Ygor\\Desktop\\desafio-modulo IV\\sistema-pdv\\api\\models\\Categoria.js": {"path":"C:\\Users\\Ygor\\Desktop\\desafio-modulo IV\\sistema-pdv\\api\\models\\Categoria.js","statementMap":{"0":{"start":{"line":7,"column":4},"end":{"line":7,"column":25}},"1":{"start":{"line":8,"column":4},"end":{"line":8,"column":30}},"2":{"start":{"line":12,"column":4},"end":{"line":15,"column":6}},"3":{"start":{"line":19,"column":4},"end":{"line":19,"column":51}},"4":{"start":{"line":23,"column":22},"end":{"line":23,"column":54}},"5":{"start":{"line":24,"column":4},"end":{"line":24,"column":21}}},"fnMap":{"0":{"name":"(anonymous_0)","decl":{"start":{"line":3,"column":2},"end":{"line":3,"column":3}},"loc":{"start":{"line":6,"column":4},"end":{"line":9,"column":3}},"line":6},"1":{"name":"(anonymous_1)","decl":{"start":{"line":11,"column":2},"end":{"line":11,"column":3}},"loc":{"start":{"line":11,"column":19},"end":{"line":16,"column":3}},"line":11},"2":{"name":"(anonymous_2)","decl":{"start":{"line":18,"column":2},"end":{"line":18,"column":3}},"loc":{"start":{"line":18,"column":22},"end":{"line":20,"column":3}},"line":18},"3":{"name":"(anonymous_3)","decl":{"start":{"line":22,"column":2},"end":{"line":22,"column":3}},"loc":{"start":{"line":22,"column":29},"end":{"line":25,"column":3}},"line":22}},"branchMap":{"0":{"loc":{"start":{"line":7,"column":14},"end":{"line":7,"column":24}},"type":"binary-expr","locations":[{"start":{"line":7,"column":14},"end":{"line":7,"column":16}},{"start":{"line":7,"column":20},"end":{"line":7,"column":24}}],"line":7}},"s":{"0":0,"1":0,"2":0,"3":0,"4":2,"5":2},"f":{"0":0,"1":0,"2":0,"3":2},"b":{"0":[0,0]},"_coverageSchema":"1a1c01bbd47fc00a2c39e90264f33305004495a9","hash":"cd0ab5c637c5bc4b8ac95b34375c928d558d272c"}
,"C:\\Users\\Ygor\\Desktop\\desafio-modulo IV\\sistema-pdv\\api\\models\\Produto.js": {"path":"C:\\Users\\Ygor\\Desktop\\desafio-modulo IV\\sistema-pdv\\api\\models\\Produto.js","statementMap":{"0":{"start":{"line":13,"column":4},"end":{"line":13,"column":25}},"1":{"start":{"line":14,"column":4},"end":{"line":14,"column":31}},"2":{"start":{"line":15,"column":4},"end":{"line":15,"column":49}},"3":{"start":{"line":16,"column":4},"end":{"line":16,"column":23}},"4":{"start":{"line":17,"column":4},"end":{"line":17,"column":37}},"5":{"start":{"line":18,"column":4},"end":{"line":18,"column":47}},"6":{"start":{"line":19,"column":4},"end":{"line":19,"column":47}},"7":{"start":{"line":20,"column":4},"end":{"line":20,"column":39}},"8":{"start":{"line":24,"column":4},"end":{"line":33,"column":6}},"9":{"start":{"line":37,"column":4},"end":{"line":37,"column":49}},"10":{"start":{"line":41,"column":4},"end":{"line":41,"column":42}},"11":{"start":{"line":45,"column":4},"end":{"line":45,"column":59}},"12":{"start":{"line":49,"column":30},"end":{"line":49,"column":64}},"13":{"start":{"line":50,"column":28},"end":{"line":50,"column":101}},"14":{"start":{"line":51,"column":4},"end":{"line":51,"column":38}},"15":{"start":{"line":55,"column":4},"end":{"line":55,"column":83}},"16":{"start":{"line":56,"column":28},"end":{"line":56,"column":87}},"17":{"start":{"line":57,"column":4},"end":{"line":57,"column":38}},"18":{"start":{"line":61,"column":4},"end":{"line":61,"column":68}},"19":{"start":{"line":66,"column":4},"end":{"line":66,"column":62}},"20":{"start":{"line":70,"column":4},"end":{"line":73,"column":5}},"21":{"start":{"line":71,"column":24},"end":{"line":71,"column":53}},"22":{"start":{"line":72,"column":6},"end":{"line":72,"column":23}},"23":{"start":{"line":74,"column":22},"end":{"line":74,"column":40}},"24":{"start":{"line":75,"column":4},"end":{"line":75,"column":21}}},"fnMap":{"0":{"name":"(anonymous_0)","decl":{"start":{"line":3,"column":2},"end":{"line":3,"column":3}},"loc":{"start":{"line":12,"column":4},"end":{"line":21,"column":3}},"line":12},"1":{"name":"(anonymous_1)","decl":{"start":{"line":23,"column":2},"end":{"line":23,"column":3}},"loc":{"start":{"line":23,"column":19},"end":{"line":34,"column":3}},"line":23},"2":{"name":"(anonymous_2)","decl":{"start":{"line":36,"column":2},"end":{"line":36,"column":3}},"loc":{"start":{"line":36,"column":22},"end":{"line":38,"column":3}},"line":36},"3":{"name":"(anonymous_3)","decl":{"start":{"line":40,"column":2},"end":{"line":40,"column":3}},"loc":{"start":{"line":40,"column":34},"end":{"line":42,"column":3}},"line":40},"4":{"name":"(anonymous_4)","decl":{"start":{"line":44,"column":2},"end":{"line":44,"column":3}},"loc":{"start":{"line":44,"column":30},"end":{"line":46,"column":3}},"line":44},"5":{"name":"(anonymous_5)","decl":{"start":{"line":48,"column":2},"end":{"line":48,"column":3}},"loc":{"start":{"line":48,"column":15},"end":{"line":52,"column":3}},"line":48},"6":{"name":"(anonymous_6)","decl":{"start":{"line":54,"column":2},"end":{"line":54,"column":3}},"loc":{"start":{"line":54,"column":21},"end":{"line":58,"column":3}},"line":54},"7":{"name":"(anonymous_7)","decl":{"start":{"line":60,"column":2},"end":{"line":60,"column":3}},"loc":{"start":{"line":60,"column":28},"end":{"line":62,"column":3}},"line":60},"8":{"name":"(anonymous_8)","decl":{"start":{"line":65,"column":2},"end":{"line":65,"column":3}},"loc":{"start":{"line":65,"column":27},"end":{"line":67,"column":3}},"line":65},"9":{"name":"(anonymous_9)","decl":{"start":{"line":69,"column":2},"end":{"line":69,"column":3}},"loc":{"start":{"line":69,"column":16},"end":{"line":76,"column":3}},"line":69}},"branchMap":{"0":{"loc":{"start":{"line":13,"column":14},"end":{"line":13,"column":24}},"type":"binary-expr","locations":[{"start":{"line":13,"column":14},"end":{"line":13,"column":18}},{"start":{"line":13,"column":22},"end":{"line":13,"column":24}}],"line":13},"1":{"loc":{"start":{"line":18,"column":22},"end":{"line":18,"column":46}},"type":"binary-expr","locations":[{"start":{"line":18,"column":22},"end":{"line":18,"column":32}},{"start":{"line":18,"column":36},"end":{"line":18,"column":46}}],"line":18},"2":{"loc":{"start":{"line":19,"column":22},"end":{"line":19,"column":46}},"type":"binary-expr","locations":[{"start":{"line":19,"column":22},"end":{"line":19,"column":32}},{"start":{"line":19,"column":36},"end":{"line":19,"column":46}}],"line":19},"3":{"loc":{"start":{"line":20,"column":21},"end":{"line":20,"column":38}},"type":"binary-expr","locations":[{"start":{"line":20,"column":21},"end":{"line":20,"column":25}},{"start":{"line":20,"column":29},"end":{"line":20,"column":38}}],"line":20},"4":{"loc":{"start":{"line":70,"column":4},"end":{"line":73,"column":5}},"type":"if","locations":[{"start":{"line":70,"column":4},"end":{"line":73,"column":5}},{"start":{},"end":{}}],"line":70}},"s":{"0":0,"1":0,"2":0,"3":0,"4":0,"5":0,"6":0,"7":0,"8":0,"9":1,"10":0,"11":4,"12":0,"13":0,"14":0,"15":0,"16":0,"17":0,"18":0,"19":0,"20":0,"21":0,"22":0,"23":0,"24":0},"f":{"0":0,"1":0,"2":1,"3":0,"4":4,"5":0,"6":0,"7":0,"8":0,"9":0},"b":{"0":[0,0],"1":[0,0],"2":[0,0],"3":[0,0],"4":[0,0]},"_coverageSchema":"1a1c01bbd47fc00a2c39e90264f33305004495a9","hash":"570b05bb9121db91db3572166a4481628c2282d6"}
,"C:\\Users\\Ygor\\Desktop\\desafio-modulo IV\\sistema-pdv\\api\\models\\Usuario.js": {"path":"C:\\Users\\Ygor\\Desktop\\desafio-modulo IV\\sistema-pdv\\api\\models\\Usuario.js","statementMap":{"0":{"start":{"line":13,"column":4},"end":{"line":16,"column":22}},"1":{"start":{"line":17,"column":4},"end":{"line":17,"column":47}},"2":{"start":{"line":18,"column":4},"end":{"line":18,"column":47}},"3":{"start":{"line":19,"column":4},"end":{"line":19,"column":39}},"4":{"start":{"line":23,"column":4},"end":{"line":27,"column":6}},"5":{"start":{"line":31,"column":4},"end":{"line":31,"column":59}},"6":{"start":{"line":35,"column":32},"end":{"line":35,"column":65}},"7":{"start":{"line":36,"column":24},"end":{"line":36,"column":75}},"8":{"start":{"line":37,"column":4},"end":{"line":37,"column":34}},"9":{"start":{"line":41,"column":4},"end":{"line":41,"column":83}},"10":{"start":{"line":42,"column":4},"end":{"line":42,"column":42}},"11":{"start":{"line":46,"column":4},"end":{"line":46,"column":78}},"12":{"start":{"line":50,"column":4},"end":{"line":50,"column":62}},"13":{"start":{"line":54,"column":4},"end":{"line":57,"column":5}},"14":{"start":{"line":55,"column":26},"end":{"line":55,"column":55}},"15":{"start":{"line":56,"column":6},"end":{"line":56,"column":23}},"16":{"start":{"line":58,"column":22},"end":{"line":58,"column":40}},"17":{"start":{"line":59,"column":4},"end":{"line":59,"column":21}},"18":{"start":{"line":63,"column":4},"end":{"line":63,"column":45}}},"fnMap":{"0":{"name":"(anonymous_0)","decl":{"start":{"line":3,"column":2},"end":{"line":3,"column":3}},"loc":{"start":{"line":12,"column":4},"end":{"line":20,"column":3}},"line":12},"1":{"name":"(anonymous_1)","decl":{"start":{"line":22,"column":2},"end":{"line":22,"column":3}},"loc":{"start":{"line":22,"column":19},"end":{"line":28,"column":3}},"line":22},"2":{"name":"(anonymous_2)","decl":{"start":{"line":30,"column":2},"end":{"line":30,"column":3}},"loc":{"start":{"line":30,"column":30},"end":{"line":32,"column":3}},"line":30},"3":{"name":"(anonymous_3)","decl":{"start":{"line":34,"column":2},"end":{"line":34,"column":3}},"loc":{"start":{"line":34,"column":15},"end":{"line":38,"column":3}},"line":34},"4":{"name":"(anonymous_4)","decl":{"start":{"line":40,"column":2},"end":{"line":40,"column":3}},"loc":{"start":{"line":40,"column":21},"end":{"line":43,"column":3}},"line":40},"5":{"name":"(anonymous_5)","decl":{"start":{"line":45,"column":2},"end":{"line":45,"column":3}},"loc":{"start":{"line":45,"column":45},"end":{"line":47,"column":3}},"line":45},"6":{"name":"(anonymous_6)","decl":{"start":{"line":49,"column":2},"end":{"line":49,"column":3}},"loc":{"start":{"line":49,"column":35},"end":{"line":51,"column":3}},"line":49},"7":{"name":"(anonymous_7)","decl":{"start":{"line":53,"column":2},"end":{"line":53,"column":3}},"loc":{"start":{"line":53,"column":16},"end":{"line":60,"column":3}},"line":53},"8":{"name":"(anonymous_8)","decl":{"start":{"line":62,"column":2},"end":{"line":62,"column":3}},"loc":{"start":{"line":62,"column":26},"end":{"line":64,"column":3}},"line":62}},"branchMap":{"0":{"loc":{"start":{"line":17,"column":22},"end":{"line":17,"column":46}},"type":"binary-expr","locations":[{"start":{"line":17,"column":22},"end":{"line":17,"column":32}},{"start":{"line":17,"column":36},"end":{"line":17,"column":46}}],"line":17},"1":{"loc":{"start":{"line":18,"column":22},"end":{"line":18,"column":46}},"type":"binary-expr","locations":[{"start":{"line":18,"column":22},"end":{"line":18,"column":32}},{"start":{"line":18,"column":36},"end":{"line":18,"column":46}}],"line":18},"2":{"loc":{"start":{"line":19,"column":21},"end":{"line":19,"column":38}},"type":"binary-expr","locations":[{"start":{"line":19,"column":21},"end":{"line":19,"column":25}},{"start":{"line":19,"column":29},"end":{"line":19,"column":38}}],"line":19},"3":{"loc":{"start":{"line":54,"column":4},"end":{"line":57,"column":5}},"type":"if","locations":[{"start":{"line":54,"column":4},"end":{"line":57,"column":5}},{"start":{},"end":{}}],"line":54}},"s":{"0":25,"1":25,"2":25,"3":25,"4":14,"5":19,"6":11,"7":11,"8":11,"9":2,"10":2,"11":3,"12":15,"13":13,"14":2,"15":2,"16":11,"17":11,"18":11},"f":{"0":25,"1":14,"2":19,"3":11,"4":2,"5":3,"6":15,"7":13,"8":11},"b":{"0":[25,13],"1":[25,13],"2":[25,25],"3":[2,11]},"_coverageSchema":"1a1c01bbd47fc00a2c39e90264f33305004495a9","hash":"50fe7fc1cdafc2bcd5fe42e6e69578a1097ea7f5"}
,"C:\\Users\\Ygor\\Desktop\\desafio-modulo IV\\sistema-pdv\\api\\schemas\\produtosSchema.js": {"path":"C:\\Users\\Ygor\\Desktop\\desafio-modulo IV\\sistema-pdv\\api\\schemas\\produtosSchema.js","statementMap":{"0":{"start":{"line":4,"column":23},"end":{"line":32,"column":2}}},"fnMap":{},"branchMap":{},"s":{"0":1},"f":{},"b":{},"_coverageSchema":"1a1c01bbd47fc00a2c39e90264f33305004495a9","hash":"9f61f8df7967cdb68b7a8a03c7602698043e3a4d"}
,"C:\\Users\\Ygor\\Desktop\\desafio-modulo IV\\sistema-pdv\\api\\schemas\\usuariosSchemas.js": {"path":"C:\\Users\\Ygor\\Desktop\\desafio-modulo IV\\sistema-pdv\\api\\schemas\\usuariosSchemas.js","statementMap":{"0":{"start":{"line":3,"column":31},"end":{"line":13,"column":2}},"1":{"start":{"line":15,"column":20},"end":{"line":20,"column":2}},"2":{"start":{"line":22,"column":29},"end":{"line":32,"column":2}}},"fnMap":{},"branchMap":{},"s":{"0":1,"1":1,"2":1},"f":{},"b":{},"_coverageSchema":"1a1c01bbd47fc00a2c39e90264f33305004495a9","hash":"8c31ae256a041cc6a8c2cb9b75cc0c2bc8647f77"}
,"C:\\Users\\Ygor\\Desktop\\desafio-modulo IV\\sistema-pdv\\api\\services\\CategoriasServices.js": {"path":"C:\\Users\\Ygor\\Desktop\\desafio-modulo IV\\sistema-pdv\\api\\services\\CategoriasServices.js","statementMap":{"0":{"start":{"line":6,"column":23},"end":{"line":6,"column":46}},"1":{"start":{"line":7,"column":4},"end":{"line":7,"column":22}},"2":{"start":{"line":11,"column":22},"end":{"line":11,"column":52}},"3":{"start":{"line":12,"column":4},"end":{"line":12,"column":21}}},"fnMap":{"0":{"name":"(anonymous_0)","decl":{"start":{"line":5,"column":2},"end":{"line":5,"column":3}},"loc":{"start":{"line":5,"column":26},"end":{"line":8,"column":3}},"line":5},"1":{"name":"(anonymous_1)","decl":{"start":{"line":10,"column":2},"end":{"line":10,"column":3}},"loc":{"start":{"line":10,"column":32},"end":{"line":13,"column":3}},"line":10}},"branchMap":{},"s":{"0":0,"1":0,"2":2,"3":2},"f":{"0":0,"1":2},"b":{},"_coverageSchema":"1a1c01bbd47fc00a2c39e90264f33305004495a9","hash":"b6376b673fd575f52cc5d6af3a6121b87d91f413"}
,"C:\\Users\\Ygor\\Desktop\\desafio-modulo IV\\sistema-pdv\\api\\services\\ProdutosServices.js": {"path":"C:\\Users\\Ygor\\Desktop\\desafio-modulo IV\\sistema-pdv\\api\\services\\ProdutosServices.js","statementMap":{"0":{"start":{"line":7,"column":4},"end":{"line":7,"column":55}},"1":{"start":{"line":11,"column":4},"end":{"line":24,"column":5}},"2":{"start":{"line":12,"column":6},"end":{"line":21,"column":7}},"3":{"start":{"line":13,"column":32},"end":{"line":13,"column":102}},"4":{"start":{"line":14,"column":8},"end":{"line":17,"column":9}},"5":{"start":{"line":15,"column":26},"end":{"line":15,"column":67}},"6":{"start":{"line":16,"column":10},"end":{"line":16,"column":25}},"7":{"start":{"line":19,"column":25},"end":{"line":19,"column":46}},"8":{"start":{"line":20,"column":8},"end":{"line":20,"column":24}},"9":{"start":{"line":23,"column":6},"end":{"line":23,"column":17}},"10":{"start":{"line":28,"column":4},"end":{"line":36,"column":5}},"11":{"start":{"line":29,"column":24},"end":{"line":29,"column":55}},"12":{"start":{"line":30,"column":6},"end":{"line":32,"column":7}},"13":{"start":{"line":31,"column":8},"end":{"line":31,"column":23}},"14":{"start":{"line":33,"column":6},"end":{"line":33,"column":16}},"15":{"start":{"line":35,"column":6},"end":{"line":35,"column":17}},"16":{"start":{"line":40,"column":4},"end":{"line":52,"column":5}},"17":{"start":{"line":41,"column":30},"end":{"line":41,"column":113}},"18":{"start":{"line":43,"column":6},"end":{"line":45,"column":7}},"19":{"start":{"line":44,"column":8},"end":{"line":44,"column":63}},"20":{"start":{"line":47,"column":26},"end":{"line":47,"column":51}},"21":{"start":{"line":48,"column":32},"end":{"line":48,"column":58}},"22":{"start":{"line":49,"column":6},"end":{"line":49,"column":99}},"23":{"start":{"line":51,"column":6},"end":{"line":51,"column":17}},"24":{"start":{"line":56,"column":4},"end":{"line":78,"column":5}},"25":{"start":{"line":57,"column":29},"end":{"line":57,"column":60}},"26":{"start":{"line":59,"column":30},"end":{"line":59,"column":113}},"27":{"start":{"line":61,"column":6},"end":{"line":63,"column":7}},"28":{"start":{"line":62,"column":8},"end":{"line":62,"column":61}},"29":{"start":{"line":65,"column":6},"end":{"line":67,"column":7}},"30":{"start":{"line":66,"column":8},"end":{"line":66,"column":63}},"31":{"start":{"line":69,"column":32},"end":{"line":69,"column":82}},"32":{"start":{"line":71,"column":28},"end":{"line":71,"column":77}},"33":{"start":{"line":73,"column":6},"end":{"line":73,"column":94}},"34":{"start":{"line":76,"column":6},"end":{"line":76,"column":23}},"35":{"start":{"line":77,"column":6},"end":{"line":77,"column":17}},"36":{"start":{"line":82,"column":4},"end":{"line":94,"column":5}},"37":{"start":{"line":83,"column":30},"end":{"line":83,"column":61}},"38":{"start":{"line":85,"column":6},"end":{"line":87,"column":7}},"39":{"start":{"line":86,"column":8},"end":{"line":86,"column":65}},"40":{"start":{"line":89,"column":6},"end":{"line":89,"column":36}},"41":{"start":{"line":90,"column":6},"end":{"line":90,"column":59}},"42":{"start":{"line":93,"column":6},"end":{"line":93,"column":17}},"43":{"start":{"line":98,"column":4},"end":{"line":109,"column":5}},"44":{"start":{"line":99,"column":34},"end":{"line":99,"column":69}},"45":{"start":{"line":101,"column":6},"end":{"line":103,"column":7}},"46":{"start":{"line":102,"column":8},"end":{"line":102,"column":65}},"47":{"start":{"line":105,"column":6},"end":{"line":105,"column":35}},"48":{"start":{"line":106,"column":6},"end":{"line":106,"column":57}},"49":{"start":{"line":108,"column":6},"end":{"line":108,"column":17}}},"fnMap":{"0":{"name":"(anonymous_0)","decl":{"start":{"line":6,"column":2},"end":{"line":6,"column":3}},"loc":{"start":{"line":6,"column":15},"end":{"line":8,"column":3}},"line":6},"1":{"name":"(anonymous_1)","decl":{"start":{"line":10,"column":2},"end":{"line":10,"column":3}},"loc":{"start":{"line":10,"column":36},"end":{"line":25,"column":3}},"line":10},"2":{"name":"(anonymous_2)","decl":{"start":{"line":27,"column":2},"end":{"line":27,"column":3}},"loc":{"start":{"line":27,"column":30},"end":{"line":37,"column":3}},"line":27},"3":{"name":"(anonymous_3)","decl":{"start":{"line":39,"column":2},"end":{"line":39,"column":3}},"loc":{"start":{"line":39,"column":38},"end":{"line":53,"column":3}},"line":39},"4":{"name":"(anonymous_4)","decl":{"start":{"line":55,"column":2},"end":{"line":55,"column":3}},"loc":{"start":{"line":55,"column":42},"end":{"line":79,"column":3}},"line":55},"5":{"name":"(anonymous_5)","decl":{"start":{"line":81,"column":2},"end":{"line":81,"column":3}},"loc":{"start":{"line":81,"column":28},"end":{"line":95,"column":3}},"line":81},"6":{"name":"(anonymous_6)","decl":{"start":{"line":97,"column":2},"end":{"line":97,"column":3}},"loc":{"start":{"line":97,"column":25},"end":{"line":111,"column":3}},"line":97}},"branchMap":{"0":{"loc":{"start":{"line":12,"column":6},"end":{"line":21,"column":7}},"type":"if","locations":[{"start":{"line":12,"column":6},"end":{"line":21,"column":7}},{"start":{"line":18,"column":11},"end":{"line":21,"column":7}}],"line":12},"1":{"loc":{"start":{"line":14,"column":8},"end":{"line":17,"column":9}},"type":"if","locations":[{"start":{"line":14,"column":8},"end":{"line":17,"column":9}},{"start":{},"end":{}}],"line":14},"2":{"loc":{"start":{"line":30,"column":6},"end":{"line":32,"column":7}},"type":"if","locations":[{"start":{"line":30,"column":6},"end":{"line":32,"column":7}},{"start":{},"end":{}}],"line":30},"3":{"loc":{"start":{"line":43,"column":6},"end":{"line":45,"column":7}},"type":"if","locations":[{"start":{"line":43,"column":6},"end":{"line":45,"column":7}},{"start":{},"end":{}}],"line":43},"4":{"loc":{"start":{"line":61,"column":6},"end":{"line":63,"column":7}},"type":"if","locations":[{"start":{"line":61,"column":6},"end":{"line":63,"column":7}},{"start":{},"end":{}}],"line":61},"5":{"loc":{"start":{"line":65,"column":6},"end":{"line":67,"column":7}},"type":"if","locations":[{"start":{"line":65,"column":6},"end":{"line":67,"column":7}},{"start":{},"end":{}}],"line":65},"6":{"loc":{"start":{"line":85,"column":6},"end":{"line":87,"column":7}},"type":"if","locations":[{"start":{"line":85,"column":6},"end":{"line":87,"column":7}},{"start":{},"end":{}}],"line":85},"7":{"loc":{"start":{"line":101,"column":6},"end":{"line":103,"column":7}},"type":"if","locations":[{"start":{"line":101,"column":6},"end":{"line":103,"column":7}},{"start":{},"end":{}}],"line":101}},"s":{"0":1,"1":3,"2":3,"3":2,"4":2,"5":2,"6":2,"7":1,"8":1,"9":0,"10":2,"11":2,"12":2,"13":1,"14":1,"15":0,"16":0,"17":0,"18":0,"19":0,"20":0,"21":0,"22":0,"23":0,"24":0,"25":0,"26":0,"27":0,"28":0,"29":0,"30":0,"31":0,"32":0,"33":0,"34":0,"35":0,"36":0,"37":0,"38":0,"39":0,"40":0,"41":0,"42":0,"43":0,"44":0,"45":0,"46":0,"47":0,"48":0,"49":0},"f":{"0":1,"1":3,"2":2,"3":0,"4":0,"5":0,"6":0},"b":{"0":[2,1],"1":[2,0],"2":[1,1],"3":[0,0],"4":[0,0],"5":[0,0],"6":[0,0],"7":[0,0]},"_coverageSchema":"1a1c01bbd47fc00a2c39e90264f33305004495a9","hash":"4468d85778f41fac154a8eb6340edfd374c669f9"}
,"C:\\Users\\Ygor\\Desktop\\desafio-modulo IV\\sistema-pdv\\api\\services\\Services.js": {"path":"C:\\Users\\Ygor\\Desktop\\desafio-modulo IV\\sistema-pdv\\api\\services\\Services.js","statementMap":{"0":{"start":{"line":5,"column":4},"end":{"line":5,"column":32}},"1":{"start":{"line":9,"column":4},"end":{"line":9,"column":54}},"2":{"start":{"line":13,"column":4},"end":{"line":13,"column":71}},"3":{"start":{"line":17,"column":4},"end":{"line":17,"column":45}},"4":{"start":{"line":21,"column":4},"end":{"line":21,"column":67}},"5":{"start":{"line":25,"column":4},"end":{"line":25,"column":80}},"6":{"start":{"line":29,"column":4},"end":{"line":29,"column":75}},"7":{"start":{"line":33,"column":4},"end":{"line":33,"column":74}}},"fnMap":{"0":{"name":"(anonymous_0)","decl":{"start":{"line":4,"column":2},"end":{"line":4,"column":3}},"loc":{"start":{"line":4,"column":25},"end":{"line":6,"column":3}},"line":4},"1":{"name":"(anonymous_1)","decl":{"start":{"line":8,"column":2},"end":{"line":8,"column":3}},"loc":{"start":{"line":8,"column":25},"end":{"line":10,"column":3}},"line":8},"2":{"name":"(anonymous_2)","decl":{"start":{"line":12,"column":2},"end":{"line":12,"column":3}},"loc":{"start":{"line":12,"column":45},"end":{"line":14,"column":3}},"line":12},"3":{"name":"(anonymous_3)","decl":{"start":{"line":16,"column":2},"end":{"line":16,"column":3}},"loc":{"start":{"line":16,"column":28},"end":{"line":18,"column":3}},"line":16},"4":{"name":"(anonymous_4)","decl":{"start":{"line":20,"column":2},"end":{"line":20,"column":3}},"loc":{"start":{"line":20,"column":48},"end":{"line":22,"column":3}},"line":20},"5":{"name":"(anonymous_5)","decl":{"start":{"line":24,"column":2},"end":{"line":24,"column":3}},"loc":{"start":{"line":24,"column":34},"end":{"line":26,"column":3}},"line":24},"6":{"name":"(anonymous_6)","decl":{"start":{"line":28,"column":2},"end":{"line":28,"column":3}},"loc":{"start":{"line":28,"column":41},"end":{"line":30,"column":3}},"line":28},"7":{"name":"(anonymous_7)","decl":{"start":{"line":32,"column":2},"end":{"line":32,"column":3}},"loc":{"start":{"line":32,"column":35},"end":{"line":34,"column":3}},"line":32}},"branchMap":{},"s":{"0":0,"1":0,"2":0,"3":0,"4":0,"5":0,"6":0,"7":0},"f":{"0":0,"1":0,"2":0,"3":0,"4":0,"5":0,"6":0,"7":0},"b":{},"_coverageSchema":"1a1c01bbd47fc00a2c39e90264f33305004495a9","hash":"cc3d852ebff4346e025b097e8f45ba06696ffe66"}
,"C:\\Users\\Ygor\\Desktop\\desafio-modulo IV\\sistema-pdv\\api\\services\\UsuariosServices.js": {"path":"C:\\Users\\Ygor\\Desktop\\desafio-modulo IV\\sistema-pdv\\api\\services\\UsuariosServices.js","statementMap":{"0":{"start":{"line":9,"column":27},"end":{"line":9,"column":39}},"1":{"start":{"line":10,"column":4},"end":{"line":25,"column":5}},"2":{"start":{"line":12,"column":28},"end":{"line":12,"column":64}},"3":{"start":{"line":14,"column":6},"end":{"line":22,"column":7}},"4":{"start":{"line":15,"column":28},"end":{"line":15,"column":53}},"5":{"start":{"line":16,"column":8},"end":{"line":16,"column":50}},"6":{"start":{"line":17,"column":34},"end":{"line":17,"column":60}},"7":{"start":{"line":19,"column":8},"end":{"line":19,"column":102}},"8":{"start":{"line":21,"column":8},"end":{"line":21,"column":62}},"9":{"start":{"line":24,"column":6},"end":{"line":24,"column":17}},"10":{"start":{"line":29,"column":27},"end":{"line":29,"column":39}},"11":{"start":{"line":30,"column":4},"end":{"line":48,"column":5}},"12":{"start":{"line":31,"column":33},"end":{"line":31,"column":69}},"13":{"start":{"line":33,"column":6},"end":{"line":35,"column":7}},"14":{"start":{"line":34,"column":8},"end":{"line":34,"column":64}},"15":{"start":{"line":37,"column":26},"end":{"line":37,"column":64}},"16":{"start":{"line":39,"column":6},"end":{"line":41,"column":7}},"17":{"start":{"line":40,"column":8},"end":{"line":40,"column":57}},"18":{"start":{"line":43,"column":20},"end":{"line":43,"column":48}},"19":{"start":{"line":44,"column":6},"end":{"line":44,"column":61}},"20":{"start":{"line":47,"column":6},"end":{"line":47,"column":17}},"21":{"start":{"line":53,"column":28},"end":{"line":53,"column":40}},"22":{"start":{"line":55,"column":4},"end":{"line":73,"column":5}},"23":{"start":{"line":56,"column":25},"end":{"line":56,"column":84}},"24":{"start":{"line":57,"column":6},"end":{"line":59,"column":7}},"25":{"start":{"line":58,"column":8},"end":{"line":58,"column":78}},"26":{"start":{"line":61,"column":33},"end":{"line":61,"column":75}},"27":{"start":{"line":63,"column":32},"end":{"line":63,"column":87}},"28":{"start":{"line":65,"column":6},"end":{"line":65,"column":54}},"29":{"start":{"line":67,"column":6},"end":{"line":67,"column":56}},"30":{"start":{"line":69,"column":6},"end":{"line":69,"column":99}},"31":{"start":{"line":72,"column":6},"end":{"line":72,"column":17}},"32":{"start":{"line":78,"column":4},"end":{"line":90,"column":5}},"33":{"start":{"line":79,"column":34},"end":{"line":79,"column":65}},"34":{"start":{"line":81,"column":6},"end":{"line":83,"column":7}},"35":{"start":{"line":82,"column":8},"end":{"line":82,"column":66}},"36":{"start":{"line":85,"column":31},"end":{"line":85,"column":61}},"37":{"start":{"line":87,"column":6},"end":{"line":87,"column":42}},"38":{"start":{"line":89,"column":6},"end":{"line":89,"column":17}},"39":{"start":{"line":94,"column":4},"end":{"line":107,"column":5}},"40":{"start":{"line":95,"column":24},"end":{"line":95,"column":55}},"41":{"start":{"line":98,"column":6},"end":{"line":100,"column":7}},"42":{"start":{"line":99,"column":8},"end":{"line":99,"column":66}},"43":{"start":{"line":102,"column":6},"end":{"line":102,"column":34}},"44":{"start":{"line":103,"column":6},"end":{"line":103,"column":57}},"45":{"start":{"line":106,"column":6},"end":{"line":106,"column":17}},"46":{"start":{"line":111,"column":4},"end":{"line":121,"column":5}},"47":{"start":{"line":112,"column":24},"end":{"line":112,"column":55}},"48":{"start":{"line":114,"column":6},"end":{"line":116,"column":7}},"49":{"start":{"line":115,"column":8},"end":{"line":115,"column":66}},"50":{"start":{"line":118,"column":6},"end":{"line":118,"column":21}},"51":{"start":{"line":120,"column":6},"end":{"line":120,"column":17}}},"fnMap":{"0":{"name":"(anonymous_0)","decl":{"start":{"line":8,"column":2},"end":{"line":8,"column":3}},"loc":{"start":{"line":8,"column":34},"end":{"line":26,"column":3}},"line":8},"1":{"name":"(anonymous_1)","decl":{"start":{"line":28,"column":2},"end":{"line":28,"column":3}},"loc":{"start":{"line":28,"column":39},"end":{"line":49,"column":3}},"line":28},"2":{"name":"(anonymous_2)","decl":{"start":{"line":52,"column":2},"end":{"line":52,"column":3}},"loc":{"start":{"line":52,"column":49},"end":{"line":74,"column":3}},"line":52},"3":{"name":"(anonymous_3)","decl":{"start":{"line":76,"column":2},"end":{"line":76,"column":3}},"loc":{"start":{"line":76,"column":27},"end":{"line":91,"column":3}},"line":76},"4":{"name":"(anonymous_4)","decl":{"start":{"line":93,"column":2},"end":{"line":93,"column":3}},"loc":{"start":{"line":93,"column":26},"end":{"line":108,"column":3}},"line":93},"5":{"name":"(anonymous_5)","decl":{"start":{"line":110,"column":2},"end":{"line":110,"column":3}},"loc":{"start":{"line":110,"column":35},"end":{"line":122,"column":3}},"line":110}},"branchMap":{"0":{"loc":{"start":{"line":14,"column":6},"end":{"line":22,"column":7}},"type":"if","locations":[{"start":{"line":14,"column":6},"end":{"line":22,"column":7}},{"start":{"line":20,"column":11},"end":{"line":22,"column":7}}],"line":14},"1":{"loc":{"start":{"line":33,"column":6},"end":{"line":35,"column":7}},"type":"if","locations":[{"start":{"line":33,"column":6},"end":{"line":35,"column":7}},{"start":{},"end":{}}],"line":33},"2":{"loc":{"start":{"line":39,"column":6},"end":{"line":41,"column":7}},"type":"if","locations":[{"start":{"line":39,"column":6},"end":{"line":41,"column":7}},{"start":{},"end":{}}],"line":39},"3":{"loc":{"start":{"line":57,"column":6},"end":{"line":59,"column":7}},"type":"if","locations":[{"start":{"line":57,"column":6},"end":{"line":59,"column":7}},{"start":{},"end":{}}],"line":57},"4":{"loc":{"start":{"line":81,"column":6},"end":{"line":83,"column":7}},"type":"if","locations":[{"start":{"line":81,"column":6},"end":{"line":83,"column":7}},{"start":{},"end":{}}],"line":81},"5":{"loc":{"start":{"line":98,"column":6},"end":{"line":100,"column":7}},"type":"if","locations":[{"start":{"line":98,"column":6},"end":{"line":100,"column":7}},{"start":{},"end":{}}],"line":98},"6":{"loc":{"start":{"line":114,"column":6},"end":{"line":116,"column":7}},"type":"if","locations":[{"start":{"line":114,"column":6},"end":{"line":116,"column":7}},{"start":{},"end":{}}],"line":114}},"s":{"0":12,"1":12,"2":12,"3":12,"4":11,"5":11,"6":11,"7":11,"8":1,"9":1,"10":3,"11":3,"12":3,"13":3,"14":1,"15":2,"16":2,"17":1,"18":1,"19":1,"20":2,"21":3,"22":3,"23":3,"24":3,"25":1,"26":2,"27":2,"28":2,"29":2,"30":2,"31":1,"32":4,"33":4,"34":4,"35":3,"36":1,"37":1,"38":3,"39":11,"40":11,"41":11,"42":0,"43":11,"44":11,"45":0,"46":2,"47":2,"48":2,"49":0,"50":2,"51":0},"f":{"0":12,"1":3,"2":3,"3":4,"4":11,"5":2},"b":{"0":[11,1],"1":[1,2],"2":[1,1],"3":[1,2],"4":[3,1],"5":[0,11],"6":[0,2]},"_coverageSchema":"1a1c01bbd47fc00a2c39e90264f33305004495a9","hash":"9a47cd35c7eb719aca6be17f3c5ed1a1a72747a1"}
}
