TN:
SF:knexfile.js
FNF:0
FNH:0
LF:0
LH:0
BRF:0
BRH:0
end_of_record
TN:
SF:api\db\conecaodb.js
FNF:0
FNH:0
DA:4,2
LF:1
LH:1
BRF:0
BRH:0
end_of_record
TN:
SF:api\erros\ErroCustomizado.js
FN:2,(anonymous_0)
FNF:1
FNH:1
FNDA:12,(anonymous_0)
DA:3,12
DA:4,12
DA:5,12
LF:3
LH:3
BRDA:2,0,0,0
BRDA:2,1,0,0
BRF:2
BRH:0
end_of_record
TN:
SF:api\helpers\criarHashSenha.js
FN:2,criarHashSenha
FNF:1
FNH:1
FNDA:13,criarHashSenha
DA:3,13
DA:4,13
DA:5,13
LF:3
LH:3
BRF:0
BRH:0
end_of_record
TN:
SF:api\helpers\token.js
FN:3,criarToken
FN:19,resgatarPayLoadToken
FNF:2
FNH:1
FNDA:1,criarToken
FNDA:0,resgatarPayLoadToken
DA:4,1
DA:5,1
DA:6,1
DA:8,1
DA:12,1
DA:14,0
DA:20,0
DA:21,0
DA:23,0
DA:25,0
LF:10
LH:5
BRF:0
BRH:0
end_of_record
TN:
SF:api\helpers\verificaSenha.js
FN:2,verificaSenha
FNF:1
FNH:1
FNDA:2,verificaSenha
DA:3,2
DA:4,2
DA:5,1
LF:3
LH:3
BRDA:4,0,0,1
BRDA:4,0,1,1
BRF:2
BRH:2
end_of_record
TN:
SF:api\models\Categoria.js
FN:3,(anonymous_0)
FN:11,(anonymous_1)
FN:18,(anonymous_2)
FN:22,(anonymous_3)
FNF:4
FNH:1
FNDA:0,(anonymous_0)
FNDA:0,(anonymous_1)
FNDA:0,(anonymous_2)
FNDA:12,(anonymous_3)
DA:7,0
DA:8,0
DA:12,0
DA:19,0
DA:23,12
DA:24,12
LF:6
LH:2
BRDA:7,0,0,0
BRDA:7,0,1,0
BRF:2
BRH:0
end_of_record
TN:
SF:api\models\Produto.js
FN:3,(anonymous_0)
FN:23,(anonymous_1)
FN:36,(anonymous_2)
FN:40,(anonymous_3)
FN:44,(anonymous_4)
FN:48,(anonymous_5)
FN:54,(anonymous_6)
FN:60,(anonymous_7)
FN:65,(anonymous_8)
FN:69,(anonymous_9)
FN:73,(anonymous_10)
FNF:11
FNH:11
FNDA:14,(anonymous_0)
FNDA:7,(anonymous_1)
FNDA:1,(anonymous_2)
FNDA:3,(anonymous_3)
FNDA:19,(anonymous_4)
FNDA:6,(anonymous_5)
FNDA:1,(anonymous_6)
FNDA:2,(anonymous_7)
FNDA:2,(anonymous_8)
FNDA:6,(anonymous_9)
FNDA:7,(anonymous_10)
DA:13,14
DA:14,14
DA:15,14
DA:16,14
DA:17,14
DA:18,14
DA:19,14
DA:20,14
DA:24,7
DA:37,1
DA:41,3
DA:45,19
DA:49,6
DA:50,6
DA:51,6
DA:55,1
DA:56,1
DA:57,1
DA:61,2
DA:66,2
DA:70,6
DA:74,7
DA:75,1
DA:76,1
DA:78,6
DA:79,6
LF:26
LH:26
BRDA:13,0,0,14
BRDA:13,0,1,14
BRDA:18,1,0,14
BRDA:18,1,1,7
BRDA:19,2,0,14
BRDA:19,2,1,7
BRDA:20,3,0,14
BRDA:20,3,1,14
BRDA:74,4,0,1
BRDA:74,4,1,6
BRF:10
BRH:10
end_of_record
TN:
SF:api\models\Usuario.js
FN:3,(anonymous_0)
FN:22,(anonymous_1)
FN:30,(anonymous_2)
FN:34,(anonymous_3)
FN:40,(anonymous_4)
FN:45,(anonymous_5)
FN:49,(anonymous_6)
FN:53,(anonymous_7)
FN:62,(anonymous_8)
FNF:9
FNH:9
FNDA:25,(anonymous_0)
FNDA:14,(anonymous_1)
FNDA:19,(anonymous_2)
FNDA:11,(anonymous_3)
FNDA:2,(anonymous_4)
FNDA:3,(anonymous_5)
FNDA:15,(anonymous_6)
FNDA:13,(anonymous_7)
FNDA:11,(anonymous_8)
DA:13,25
DA:17,25
DA:18,25
DA:19,25
DA:23,14
DA:31,19
DA:35,11
DA:36,11
DA:37,11
DA:41,2
DA:42,2
DA:46,3
DA:50,15
DA:54,13
DA:55,2
DA:56,2
DA:58,11
DA:59,11
DA:63,11
LF:19
LH:19
BRDA:17,0,0,25
BRDA:17,0,1,13
BRDA:18,1,0,25
BRDA:18,1,1,13
BRDA:19,2,0,25
BRDA:19,2,1,25
BRDA:54,3,0,2
BRDA:54,3,1,11
BRF:8
BRH:8
end_of_record
TN:
SF:api\schemas\produtosSchema.js
FNF:0
FNH:0
DA:4,1
DA:34,1
DA:64,1
DA:81,1
LF:4
LH:4
BRF:0
BRH:0
end_of_record
TN:
SF:api\schemas\usuariosSchemas.js
FNF:0
FNH:0
DA:3,1
DA:15,1
DA:22,1
LF:3
LH:3
BRF:0
BRH:0
end_of_record
TN:
SF:api\services\CategoriasServices.js
FN:5,(anonymous_0)
FN:10,(anonymous_1)
FNF:2
FNH:1
FNDA:0,(anonymous_0)
FNDA:12,(anonymous_1)
DA:6,0
DA:7,0
DA:11,12
DA:12,12
LF:4
LH:2
BRF:0
BRH:0
end_of_record
TN:
SF:api\services\ProdutosServices.js
FN:6,(anonymous_0)
FN:10,(anonymous_1)
FN:27,(anonymous_2)
FN:39,(anonymous_3)
FN:54,(anonymous_4)
FN:80,(anonymous_5)
FN:96,(anonymous_6)
FN:112,(anonymous_7)
FNF:8
FNH:8
FNDA:1,(anonymous_0)
FNDA:3,(anonymous_1)
FNDA:4,(anonymous_2)
FNDA:7,(anonymous_3)
FNDA:3,(anonymous_4)
FNDA:3,(anonymous_5)
FNDA:2,(anonymous_6)
FNDA:7,(anonymous_7)
DA:7,1
DA:11,3
DA:12,3
DA:13,2
DA:14,2
DA:15,2
DA:16,2
DA:19,1
DA:20,1
DA:23,0
DA:28,4
DA:29,4
DA:30,4
DA:31,2
DA:33,2
DA:35,0
DA:40,7
DA:41,7
DA:42,7
DA:43,1
DA:46,6
DA:47,6
DA:48,6
DA:50,1
DA:55,3
DA:56,3
DA:58,3
DA:60,3
DA:61,1
DA:64,2
DA:65,1
DA:68,1
DA:70,1
DA:72,1
DA:75,2
DA:81,3
DA:82,3
DA:84,3
DA:85,1
DA:88,2
DA:89,2
DA:92,1
DA:97,2
DA:98,2
DA:100,2
DA:101,0
DA:104,2
DA:105,2
DA:107,0
DA:113,7
DA:114,7
DA:116,7
DA:117,1
DA:120,6
DA:121,6
DA:124,1
LF:56
LH:52
BRDA:12,0,0,2
BRDA:12,0,1,1
BRDA:14,1,0,2
BRDA:14,1,1,0
BRDA:30,2,0,2
BRDA:30,2,1,2
BRDA:42,3,0,1
BRDA:42,3,1,6
BRDA:60,4,0,1
BRDA:60,4,1,2
BRDA:64,5,0,1
BRDA:64,5,1,1
BRDA:84,6,0,1
BRDA:84,6,1,2
BRDA:100,7,0,0
BRDA:100,7,1,2
BRDA:116,8,0,1
BRDA:116,8,1,6
BRF:18
BRH:16
end_of_record
TN:
SF:api\services\Services.js
FN:4,(anonymous_0)
FN:8,(anonymous_1)
FN:12,(anonymous_2)
FN:16,(anonymous_3)
FN:20,(anonymous_4)
FN:24,(anonymous_5)
FN:28,(anonymous_6)
FN:32,(anonymous_7)
FNF:8
FNH:0
FNDA:0,(anonymous_0)
FNDA:0,(anonymous_1)
FNDA:0,(anonymous_2)
FNDA:0,(anonymous_3)
FNDA:0,(anonymous_4)
FNDA:0,(anonymous_5)
FNDA:0,(anonymous_6)
FNDA:0,(anonymous_7)
DA:5,0
DA:9,0
DA:13,0
DA:17,0
DA:21,0
DA:25,0
DA:29,0
DA:33,0
LF:8
LH:0
BRF:0
BRH:0
end_of_record
TN:
SF:api\services\UsuariosServices.js
FN:8,(anonymous_0)
FN:29,(anonymous_1)
FN:54,(anonymous_2)
FN:79,(anonymous_3)
FN:97,(anonymous_4)
FN:115,(anonymous_5)
FNF:6
FNH:6
FNDA:12,(anonymous_0)
FNDA:3,(anonymous_1)
FNDA:3,(anonymous_2)
FNDA:4,(anonymous_3)
FNDA:11,(anonymous_4)
FNDA:2,(anonymous_5)
DA:9,12
DA:10,12
DA:12,12
DA:14,12
DA:15,11
DA:16,11
DA:17,11
DA:19,11
DA:21,1
DA:24,1
DA:30,3
DA:31,3
DA:32,3
DA:34,3
DA:35,1
DA:38,2
DA:40,2
DA:41,1
DA:44,1
DA:45,1
DA:48,2
DA:55,3
DA:57,3
DA:58,3
DA:59,3
DA:60,1
DA:63,2
DA:65,2
DA:67,2
DA:69,2
DA:71,2
DA:74,1
DA:81,4
DA:82,4
DA:84,4
DA:85,3
DA:88,1
DA:90,1
DA:92,3
DA:98,11
DA:99,11
DA:102,11
DA:103,0
DA:106,11
DA:107,11
DA:110,0
DA:116,2
DA:117,2
DA:119,2
DA:120,0
DA:123,2
DA:125,0
LF:52
LH:48
BRDA:14,0,0,11
BRDA:14,0,1,1
BRDA:34,1,0,1
BRDA:34,1,1,2
BRDA:40,2,0,1
BRDA:40,2,1,1
BRDA:59,3,0,1
BRDA:59,3,1,2
BRDA:84,4,0,3
BRDA:84,4,1,1
BRDA:102,5,0,0
BRDA:102,5,1,11
BRDA:119,6,0,0
BRDA:119,6,1,2
BRF:14
BRH:12
end_of_record
