TN:
SF:knexfile.js
FNF:0
FNH:0
LF:0
LH:0
BRF:0
BRH:0
end_of_record
TN:
SF:api\db\conecaodb.js
FNF:0
FNH:0
DA:4,2
LF:1
LH:1
BRF:0
BRH:0
end_of_record
TN:
SF:api\erros\ErroCustomizado.js
FN:2,(anonymous_0)
FNF:1
FNH:1
FNDA:7,(anonymous_0)
DA:3,7
DA:4,7
DA:5,7
LF:3
LH:3
BRDA:2,0,0,0
BRDA:2,1,0,0
BRF:2
BRH:0
end_of_record
TN:
SF:api\helpers\criarHashSenha.js
FN:2,criarHashSenha
FNF:1
FNH:1
FNDA:13,criarHashSenha
DA:3,13
DA:4,13
DA:5,13
LF:3
LH:3
BRF:0
BRH:0
end_of_record
TN:
SF:api\helpers\token.js
FN:3,criarToken
FN:19,resgatarPayLoadToken
FNF:2
FNH:1
FNDA:1,criarToken
FNDA:0,resgatarPayLoadToken
DA:4,1
DA:5,1
DA:6,1
DA:8,1
DA:12,1
DA:14,0
DA:20,0
DA:21,0
DA:23,0
DA:25,0
LF:10
LH:5
BRF:0
BRH:0
end_of_record
TN:
SF:api\helpers\verificaSenha.js
FN:2,verificaSenha
FNF:1
FNH:1
FNDA:2,verificaSenha
DA:3,2
DA:4,2
DA:5,1
LF:3
LH:3
BRDA:4,0,0,1
BRDA:4,0,1,1
BRF:2
BRH:2
end_of_record
TN:
SF:api\models\Categoria.js
FN:3,(anonymous_0)
FN:11,(anonymous_1)
FN:18,(anonymous_2)
FN:22,(anonymous_3)
FNF:4
FNH:1
FNDA:0,(anonymous_0)
FNDA:0,(anonymous_1)
FNDA:0,(anonymous_2)
FNDA:2,(anonymous_3)
DA:7,0
DA:8,0
DA:12,0
DA:19,0
DA:23,2
DA:24,2
LF:6
LH:2
BRDA:7,0,0,0
BRDA:7,0,1,0
BRF:2
BRH:0
end_of_record
TN:
SF:api\models\Produto.js
FN:3,(anonymous_0)
FN:23,(anonymous_1)
FN:36,(anonymous_2)
FN:40,(anonymous_3)
FN:44,(anonymous_4)
FN:48,(anonymous_5)
FN:54,(anonymous_6)
FN:60,(anonymous_7)
FN:65,(anonymous_8)
FN:69,(anonymous_9)
FNF:10
FNH:2
FNDA:0,(anonymous_0)
FNDA:0,(anonymous_1)
FNDA:1,(anonymous_2)
FNDA:0,(anonymous_3)
FNDA:4,(anonymous_4)
FNDA:0,(anonymous_5)
FNDA:0,(anonymous_6)
FNDA:0,(anonymous_7)
FNDA:0,(anonymous_8)
FNDA:0,(anonymous_9)
DA:13,0
DA:14,0
DA:15,0
DA:16,0
DA:17,0
DA:18,0
DA:19,0
DA:20,0
DA:24,0
DA:37,1
DA:41,0
DA:45,4
DA:49,0
DA:50,0
DA:51,0
DA:55,0
DA:56,0
DA:57,0
DA:61,0
DA:66,0
DA:70,0
DA:71,0
DA:72,0
DA:74,0
DA:75,0
LF:25
LH:2
BRDA:13,0,0,0
BRDA:13,0,1,0
BRDA:18,1,0,0
BRDA:18,1,1,0
BRDA:19,2,0,0
BRDA:19,2,1,0
BRDA:20,3,0,0
BRDA:20,3,1,0
BRDA:70,4,0,0
BRDA:70,4,1,0
BRF:10
BRH:0
end_of_record
TN:
SF:api\models\Usuario.js
FN:3,(anonymous_0)
FN:22,(anonymous_1)
FN:30,(anonymous_2)
FN:34,(anonymous_3)
FN:40,(anonymous_4)
FN:45,(anonymous_5)
FN:49,(anonymous_6)
FN:53,(anonymous_7)
FN:62,(anonymous_8)
FNF:9
FNH:9
FNDA:25,(anonymous_0)
FNDA:14,(anonymous_1)
FNDA:19,(anonymous_2)
FNDA:11,(anonymous_3)
FNDA:2,(anonymous_4)
FNDA:3,(anonymous_5)
FNDA:15,(anonymous_6)
FNDA:13,(anonymous_7)
FNDA:11,(anonymous_8)
DA:13,25
DA:17,25
DA:18,25
DA:19,25
DA:23,14
DA:31,19
DA:35,11
DA:36,11
DA:37,11
DA:41,2
DA:42,2
DA:46,3
DA:50,15
DA:54,13
DA:55,2
DA:56,2
DA:58,11
DA:59,11
DA:63,11
LF:19
LH:19
BRDA:17,0,0,25
BRDA:17,0,1,13
BRDA:18,1,0,25
BRDA:18,1,1,13
BRDA:19,2,0,25
BRDA:19,2,1,25
BRDA:54,3,0,2
BRDA:54,3,1,11
BRF:8
BRH:8
end_of_record
TN:
SF:api\schemas\produtosSchema.js
FNF:0
FNH:0
DA:4,1
LF:1
LH:1
BRF:0
BRH:0
end_of_record
TN:
SF:api\schemas\usuariosSchemas.js
FNF:0
FNH:0
DA:3,1
DA:15,1
DA:22,1
LF:3
LH:3
BRF:0
BRH:0
end_of_record
TN:
SF:api\services\CategoriasServices.js
FN:5,(anonymous_0)
FN:10,(anonymous_1)
FNF:2
FNH:1
FNDA:0,(anonymous_0)
FNDA:2,(anonymous_1)
DA:6,0
DA:7,0
DA:11,2
DA:12,2
LF:4
LH:2
BRF:0
BRH:0
end_of_record
TN:
SF:api\services\ProdutosServices.js
FN:6,(anonymous_0)
FN:10,(anonymous_1)
FN:27,(anonymous_2)
FN:39,(anonymous_3)
FN:55,(anonymous_4)
FN:81,(anonymous_5)
FN:97,(anonymous_6)
FNF:7
FNH:3
FNDA:1,(anonymous_0)
FNDA:3,(anonymous_1)
FNDA:2,(anonymous_2)
FNDA:0,(anonymous_3)
FNDA:0,(anonymous_4)
FNDA:0,(anonymous_5)
FNDA:0,(anonymous_6)
DA:7,1
DA:11,3
DA:12,3
DA:13,2
DA:14,2
DA:15,2
DA:16,2
DA:19,1
DA:20,1
DA:23,0
DA:28,2
DA:29,2
DA:30,2
DA:31,1
DA:33,1
DA:35,0
DA:40,0
DA:41,0
DA:43,0
DA:44,0
DA:47,0
DA:48,0
DA:49,0
DA:51,0
DA:56,0
DA:57,0
DA:59,0
DA:61,0
DA:62,0
DA:65,0
DA:66,0
DA:69,0
DA:71,0
DA:73,0
DA:76,0
DA:77,0
DA:82,0
DA:83,0
DA:85,0
DA:86,0
DA:89,0
DA:90,0
DA:93,0
DA:98,0
DA:99,0
DA:101,0
DA:102,0
DA:105,0
DA:106,0
DA:108,0
LF:50
LH:14
BRDA:12,0,0,2
BRDA:12,0,1,1
BRDA:14,1,0,2
BRDA:14,1,1,0
BRDA:30,2,0,1
BRDA:30,2,1,1
BRDA:43,3,0,0
BRDA:43,3,1,0
BRDA:61,4,0,0
BRDA:61,4,1,0
BRDA:65,5,0,0
BRDA:65,5,1,0
BRDA:85,6,0,0
BRDA:85,6,1,0
BRDA:101,7,0,0
BRDA:101,7,1,0
BRF:16
BRH:5
end_of_record
TN:
SF:api\services\Services.js
FN:4,(anonymous_0)
FN:8,(anonymous_1)
FN:12,(anonymous_2)
FN:16,(anonymous_3)
FN:20,(anonymous_4)
FN:24,(anonymous_5)
FN:28,(anonymous_6)
FN:32,(anonymous_7)
FNF:8
FNH:0
FNDA:0,(anonymous_0)
FNDA:0,(anonymous_1)
FNDA:0,(anonymous_2)
FNDA:0,(anonymous_3)
FNDA:0,(anonymous_4)
FNDA:0,(anonymous_5)
FNDA:0,(anonymous_6)
FNDA:0,(anonymous_7)
DA:5,0
DA:9,0
DA:13,0
DA:17,0
DA:21,0
DA:25,0
DA:29,0
DA:33,0
LF:8
LH:0
BRF:0
BRH:0
end_of_record
TN:
SF:api\services\UsuariosServices.js
FN:8,(anonymous_0)
FN:28,(anonymous_1)
FN:52,(anonymous_2)
FN:76,(anonymous_3)
FN:93,(anonymous_4)
FN:110,(anonymous_5)
FNF:6
FNH:6
FNDA:12,(anonymous_0)
FNDA:3,(anonymous_1)
FNDA:3,(anonymous_2)
FNDA:4,(anonymous_3)
FNDA:11,(anonymous_4)
FNDA:2,(anonymous_5)
DA:9,12
DA:10,12
DA:12,12
DA:14,12
DA:15,11
DA:16,11
DA:17,11
DA:19,11
DA:21,1
DA:24,1
DA:29,3
DA:30,3
DA:31,3
DA:33,3
DA:34,1
DA:37,2
DA:39,2
DA:40,1
DA:43,1
DA:44,1
DA:47,2
DA:53,3
DA:55,3
DA:56,3
DA:57,3
DA:58,1
DA:61,2
DA:63,2
DA:65,2
DA:67,2
DA:69,2
DA:72,1
DA:78,4
DA:79,4
DA:81,4
DA:82,3
DA:85,1
DA:87,1
DA:89,3
DA:94,11
DA:95,11
DA:98,11
DA:99,0
DA:102,11
DA:103,11
DA:106,0
DA:111,2
DA:112,2
DA:114,2
DA:115,0
DA:118,2
DA:120,0
LF:52
LH:48
BRDA:14,0,0,11
BRDA:14,0,1,1
BRDA:33,1,0,1
BRDA:33,1,1,2
BRDA:39,2,0,1
BRDA:39,2,1,1
BRDA:57,3,0,1
BRDA:57,3,1,2
BRDA:81,4,0,3
BRDA:81,4,1,1
BRDA:98,5,0,0
BRDA:98,5,1,11
BRDA:114,6,0,0
BRDA:114,6,1,2
BRF:14
BRH:12
end_of_record
